#
# A fatal error has been detected by the Java Runtime Environment:
#
#  EXCEPTION_ACCESS_VIOLATION (0xc0000005) at pc=0x000000006cf7647c, pid=16516, tid=0x0000000000002894
#
# JRE version: Java(TM) SE Runtime Environment (8.0_131-b11) (build 1.8.0_131-b11)
# Java VM: Java HotSpot(TM) 64-Bit Server VM (25.131-b11 mixed mode windows-amd64 compressed oops)
# Problematic frame:
# V  [jvm.dll+0xf647c]
#
# Failed to write core dump. Minidumps are not enabled by default on client versions of Windows
#
# If you would like to submit a bug report, please visit:
#   http://bugreport.java.com/bugreport/crash.jsp
#

---------------  T H R E A D  ---------------

Current thread (0x0000000017408000):  VMThread [stack: 0x0000000018490000,0x0000000018590000] [id=10388]

siginfo: ExceptionCode=0xc0000005, reading address 0xffffffffffffffff

Registers:
RAX=0x0001000f000e000a, RBX=0x000000000289e0d0, RCX=0x00000000000000f5, RDX=0x000000000000003f
RSP=0x000000001858f4e8, RBP=0x000000001858f5f0, RSI=0x00000000000000bb, RDI=0x000000000000003f
R8 =0x000000000291b080, R9 =0x0000000000000003, R10=0x0000000000000003, R11=0x000000001cb51588
R12=0x000000001858f680, R13=0x000000001858f670, R14=0x0000000000000000, R15=0x0000000000000008
RIP=0x000000006cf7647c, EFLAGS=0x0000000000010202

Top of Stack: (sp=0x000000001858f4e8)
0x000000001858f4e8:   000000006d054836 0001000f000e000a
0x000000001858f4f8:   000000000000003f 00000000000000bb
0x000000001858f508:   0000000019693838 0000000000000000
0x000000001858f518:   000000001968b850 00000000031d6828
0x000000001858f528:   00000000031d67b4 0000260512fff27a
0x000000001858f538:   00000000031d6690 00000000029963e0
0x000000001858f548:   0000000019691f40 0000000000000000
0x000000001858f558:   000000006cf110fb 00000000031d67e0
0x000000001858f568:   0000000000000000 0000000000000000
0x000000001858f578:   00000000031d67e0 0000260512fff32a
0x000000001858f588:   000000006cf1147a 00000000029963e0
0x000000001858f598:   000000006cf13915 0000000019691f40
0x000000001858f5a8:   000000006cf1ee9e 0000260512fff200
0x000000001858f5b8:   000000001858f6b0 000000001cb50998
0x000000001858f5c8:   0000000000000000 0000000000000000
0x000000001858f5d8:   000000006cf1f17d 000000001858f6a0 

Instructions: (pc=0x000000006cf7647c)
0x000000006cf7645c:   5f c3 cc cc 48 63 c2 48 8b 44 c1 50 48 89 44 24
0x000000006cf7646c:   08 48 8b 44 24 08 0f b6 c8 f6 d1 f6 c1 01 74 05
0x000000006cf7647c:   48 8b 40 10 c3 48 83 e0 fe c3 cc cc cc cc cc cc
0x000000006cf7648c:   cc cc cc cc 48 89 54 24 10 49 63 c0 48 8b 44 c1 


Register to memory mapping:

RAX=0x0001000f000e000a is an unknown value
RBX=0x000000000289e0d0 is an unknown value
RCX=0x00000000000000f5 is an unknown value
RDX=0x000000000000003f is an unknown value
RSP=0x000000001858f4e8 is an unknown value
RBP=0x000000001858f5f0 is an unknown value
RSI=0x00000000000000bb is an unknown value
RDI=0x000000000000003f is an unknown value
R8 =0x000000000291b080 is an unknown value
R9 =0x0000000000000003 is an unknown value
R10=0x0000000000000003 is an unknown value
R11=0x000000001cb51588 is pointing into metadata
R12=0x000000001858f680 is an unknown value
R13=0x000000001858f670 is an unknown value
R14=0x0000000000000000 is an unknown value
R15=0x0000000000000008 is an unknown value


Stack: [0x0000000018490000,0x0000000018590000],  sp=0x000000001858f4e8,  free space=1021k
Native frames: (J=compiled Java code, j=interpreted, Vv=VM code, C=native code)
V  [jvm.dll+0xf647c]

VM_Operation (0x0000000018b7f430): RedefineClasses, mode: safepoint, requested by thread 0x0000000017450800


---------------  P R O C E S S  ---------------

Java Threads: ( => current thread )
  0x0000000019872000 JavaThread "http-nio-8081-exec-3" daemon [_thread_blocked, id=10136, stack(0x000000001d580000,0x000000001d680000)]
  0x0000000019873800 JavaThread "http-nio-8081-exec-2" daemon [_thread_blocked, id=3748, stack(0x000000001d280000,0x000000001d380000)]
  0x0000000019871800 JavaThread "http-nio-8081-exec-1" daemon [_thread_blocked, id=3232, stack(0x000000001d180000,0x000000001d280000)]
  0x0000000019873000 JavaThread "DestroyJavaVM" [_thread_blocked, id=10016, stack(0x0000000002660000,0x0000000002760000)]
  0x0000000019870800 JavaThread "http-nio-8081-AsyncTimeout" daemon [_thread_blocked, id=17308, stack(0x000000001d080000,0x000000001d180000)]
  0x0000000019875000 JavaThread "http-nio-8081-Acceptor-0" daemon [_thread_in_native, id=17088, stack(0x000000001cf80000,0x000000001d080000)]
  0x0000000019cfe800 JavaThread "http-nio-8081-ClientPoller-1" daemon [_thread_in_native, id=15820, stack(0x000000001cd80000,0x000000001ce80000)]
  0x0000000019cfc800 JavaThread "http-nio-8081-ClientPoller-0" daemon [_thread_in_native, id=18952, stack(0x000000001cc80000,0x000000001cd80000)]
  0x0000000019cfa800 JavaThread "NioBlockingSelector.BlockPoller-1" daemon [_thread_in_native, id=14524, stack(0x000000001cb80000,0x000000001cc80000)]
  0x000000001b524800 JavaThread "container-0" [_thread_blocked, id=6784, stack(0x000000001c680000,0x000000001c780000)]
  0x000000001b523800 JavaThread "ContainerBackgroundProcessor[StandardEngine[Tomcat]]" daemon [_thread_blocked, id=19292, stack(0x000000001c580000,0x000000001c680000)]
  0x000000001976c000 JavaThread "RMI TCP Accept-0" daemon [_thread_in_native, id=18060, stack(0x0000000019f80000,0x000000001a080000)]
  0x0000000019767000 JavaThread "RMI TCP Accept-56647" daemon [_thread_in_native, id=12128, stack(0x0000000019e80000,0x0000000019f80000)]
  0x0000000019753000 JavaThread "RMI TCP Accept-0" daemon [_thread_in_native, id=5732, stack(0x0000000019d80000,0x0000000019e80000)]
  0x000000001746d800 JavaThread "Service Thread" daemon [_thread_blocked, id=6736, stack(0x0000000019480000,0x0000000019580000)]
  0x0000000017477800 JavaThread "C1 CompilerThread2" daemon [_thread_blocked, id=14628, stack(0x0000000018f80000,0x0000000019080000)]
  0x0000000017475000 JavaThread "C2 CompilerThread1" daemon [_thread_blocked, id=17984, stack(0x0000000018e80000,0x0000000018f80000)]
  0x000000001747d800 JavaThread "C2 CompilerThread0" daemon [_thread_blocked, id=17912, stack(0x0000000018d80000,0x0000000018e80000)]
  0x0000000017462000 JavaThread "JDWP Command Reader" daemon [_thread_in_native, id=16884, stack(0x0000000018c80000,0x0000000018d80000)]
  0x000000001745e800 JavaThread "JDWP Event Helper Thread" daemon [_thread_blocked, id=10196, stack(0x0000000018b80000,0x0000000018c80000)]
  0x0000000017450800 JavaThread "JDWP Transport Listener: dt_socket" daemon [_thread_blocked, id=9648, stack(0x0000000018a80000,0x0000000018b80000)]
  0x0000000017447000 JavaThread "Attach Listener" daemon [_thread_blocked, id=3076, stack(0x0000000018980000,0x0000000018a80000)]
  0x0000000017445800 JavaThread "Signal Dispatcher" daemon [_thread_blocked, id=17516, stack(0x0000000018880000,0x0000000018980000)]
  0x0000000017430000 JavaThread "Finalizer" daemon [_thread_blocked, id=12208, stack(0x0000000018690000,0x0000000018790000)]
  0x0000000002949000 JavaThread "Reference Handler" daemon [_thread_blocked, id=4680, stack(0x0000000018590000,0x0000000018690000)]

Other Threads:
=>0x0000000017408000 VMThread [stack: 0x0000000018490000,0x0000000018590000] [id=10388]
  0x0000000019773800 WatcherThread [stack: 0x000000001a080000,0x000000001a180000] [id=18248]

VM state:at safepoint (normal execution)

VM Mutex/Monitor currently owned by a thread:  ([mutex/lock_event])
[0x0000000002854b80] Threads_lock - owner thread: 0x0000000017408000

Heap:
 PSYoungGen      total 223232K, used 51604K [0x00000000d6000000, 0x00000000e4d00000, 0x0000000100000000)
  eden space 209920K, 18% used [0x00000000d6000000,0x00000000d85659b8,0x00000000e2d00000)
  from space 13312K, 99% used [0x00000000e3c80000,0x00000000e497f890,0x00000000e4980000)
  to   space 15872K, 0% used [0x00000000e2d00000,0x00000000e2d00000,0x00000000e3c80000)
 ParOldGen       total 66560K, used 16747K [0x0000000082000000, 0x0000000086100000, 0x00000000d6000000)
  object space 66560K, 25% used [0x0000000082000000,0x000000008305ad58,0x0000000086100000)
 Metaspace       used 32274K, capacity 32638K, committed 33024K, reserved 1077248K
  class space    used 4118K, capacity 4228K, committed 4352K, reserved 1048576K

Card table byte_map: [0x0000000011d10000,0x0000000012110000] byte_map_base: 0x0000000011900000

Marking Bits: (ParMarkBitMap*) 0x000000006d69c720
 Begin Bits: [0x00000000127b0000, 0x0000000014730000)
 End Bits:   [0x0000000014730000, 0x00000000166b0000)

Polling page: 0x00000000009b0000

CodeCache: size=245760Kb used=8731Kb max_used=8731Kb free=237028Kb
 bounds [0x0000000002950000, 0x00000000031e0000, 0x0000000011950000]
 total_blobs=4148 nmethods=3490 adapters=577
 compilation: enabled

Compilation events (10 events):
Event: 259.399 Thread 0x0000000017477800 3490       1       org.apache.tomcat.util.net.NioBlockingSelector$BlockPoller::events (48 bytes)
Event: 259.400 Thread 0x0000000017477800 nmethod 3490 0x00000000031d5b10 code [0x00000000031d5ca0, 0x00000000031d6078]
Event: 259.400 Thread 0x0000000017477800 3491  s    1       org.apache.tomcat.util.collections.SynchronizedQueue::size (23 bytes)
Event: 259.400 Thread 0x0000000017477800 nmethod 3491 0x00000000031d6210 code [0x00000000031d6360, 0x00000000031d65f0]
Event: 260.928 Thread 0x0000000017477800 3492       1       java.util.Collections$SetFromMap::iterator (10 bytes)
Event: 260.928 Thread 0x0000000017477800 nmethod 3492 0x00000000031d6690 code [0x00000000031d67e0, 0x00000000031d6928]
Event: 274.630 Thread 0x0000000017477800 3493       1       org.apache.catalina.LifecycleEvent::getType (5 bytes)
Event: 274.630 Thread 0x0000000017477800 nmethod 3493 0x00000000031d6990 code [0x00000000031d6ae0, 0x00000000031d6bf0]
Event: 304.630 Thread 0x0000000017477800 3494       1       org.apache.catalina.webresources.CachedResource::getNextCheck (5 bytes)
Event: 304.630 Thread 0x0000000017477800 nmethod 3494 0x00000000031d6c50 code [0x00000000031d6da0, 0x00000000031d6eb0]

GC Heap History (10 events):
Event: 3.111 GC heap before
{Heap before GC invocations=5 (full 0):
 PSYoungGen      total 70656K, used 70631K [0x00000000d6000000, 0x00000000daa00000, 0x0000000100000000)
  eden space 65536K, 100% used [0x00000000d6000000,0x00000000da000000,0x00000000da000000)
  from space 5120K, 99% used [0x00000000da500000,0x00000000da9f9ce8,0x00000000daa00000)
  to   space 5120K, 0% used [0x00000000da000000,0x00000000da000000,0x00000000da500000)
 ParOldGen       total 86016K, used 10968K [0x0000000082000000, 0x0000000087400000, 0x00000000d6000000)
  object space 86016K, 12% used [0x0000000082000000,0x0000000082ab60a0,0x0000000087400000)
 Metaspace       used 19908K, capacity 20210K, committed 20352K, reserved 1067008K
  class space    used 2508K, capacity 2610K, committed 2688K, reserved 1048576K
Event: 3.124 GC heap after
Heap after GC invocations=5 (full 0):
 PSYoungGen      total 70656K, used 5113K [0x00000000d6000000, 0x00000000dfa00000, 0x0000000100000000)
  eden space 65536K, 0% used [0x00000000d6000000,0x00000000d6000000,0x00000000da000000)
  from space 5120K, 99% used [0x00000000da000000,0x00000000da4fe5d8,0x00000000da500000)
  to   space 13312K, 0% used [0x00000000ded00000,0x00000000ded00000,0x00000000dfa00000)
 ParOldGen       total 86016K, used 17331K [0x0000000082000000, 0x0000000087400000, 0x00000000d6000000)
  object space 86016K, 20% used [0x0000000082000000,0x00000000830ecfc8,0x0000000087400000)
 Metaspace       used 19908K, capacity 20210K, committed 20352K, reserved 1067008K
  class space    used 2508K, capacity 2610K, committed 2688K, reserved 1048576K
}
Event: 3.392 GC heap before
{Heap before GC invocations=6 (full 0):
 PSYoungGen      total 70656K, used 36610K [0x00000000d6000000, 0x00000000dfa00000, 0x0000000100000000)
  eden space 65536K, 48% used [0x00000000d6000000,0x00000000d7ec2588,0x00000000da000000)
  from space 5120K, 99% used [0x00000000da000000,0x00000000da4fe5d8,0x00000000da500000)
  to   space 13312K, 0% used [0x00000000ded00000,0x00000000ded00000,0x00000000dfa00000)
 ParOldGen       total 86016K, used 17331K [0x0000000082000000, 0x0000000087400000, 0x00000000d6000000)
  object space 86016K, 20% used [0x0000000082000000,0x00000000830ecfc8,0x0000000087400000)
 Metaspace       used 20852K, capacity 21112K, committed 21248K, reserved 1067008K
  class space    used 2648K, capacity 2739K, committed 2816K, reserved 1048576K
Event: 3.403 GC heap after
Heap after GC invocations=6 (full 0):
 PSYoungGen      total 143360K, used 8468K [0x00000000d6000000, 0x00000000df900000, 0x0000000100000000)
  eden space 131072K, 0% used [0x00000000d6000000,0x00000000d6000000,0x00000000de000000)
  from space 12288K, 68% used [0x00000000ded00000,0x00000000df5452d0,0x00000000df900000)
  to   space 12800K, 0% used [0x00000000de000000,0x00000000de000000,0x00000000dec80000)
 ParOldGen       total 86016K, used 17339K [0x0000000082000000, 0x0000000087400000, 0x00000000d6000000)
  object space 86016K, 20% used [0x0000000082000000,0x00000000830eefc8,0x0000000087400000)
 Metaspace       used 20852K, capacity 21112K, committed 21248K, reserved 1067008K
  class space    used 2648K, capacity 2739K, committed 2816K, reserved 1048576K
}
Event: 3.403 GC heap before
{Heap before GC invocations=7 (full 1):
 PSYoungGen      total 143360K, used 8468K [0x00000000d6000000, 0x00000000df900000, 0x0000000100000000)
  eden space 131072K, 0% used [0x00000000d6000000,0x00000000d6000000,0x00000000de000000)
  from space 12288K, 68% used [0x00000000ded00000,0x00000000df5452d0,0x00000000df900000)
  to   space 12800K, 0% used [0x00000000de000000,0x00000000de000000,0x00000000dec80000)
 ParOldGen       total 86016K, used 17339K [0x0000000082000000, 0x0000000087400000, 0x00000000d6000000)
  object space 86016K, 20% used [0x0000000082000000,0x00000000830eefc8,0x0000000087400000)
 Metaspace       used 20852K, capacity 21112K, committed 21248K, reserved 1067008K
  class space    used 2648K, capacity 2739K, committed 2816K, reserved 1048576K
Event: 3.458 GC heap after
Heap after GC invocations=7 (full 1):
 PSYoungGen      total 143360K, used 0K [0x00000000d6000000, 0x00000000df900000, 0x0000000100000000)
  eden space 131072K, 0% used [0x00000000d6000000,0x00000000d6000000,0x00000000de000000)
  from space 12288K, 0% used [0x00000000ded00000,0x00000000ded00000,0x00000000df900000)
  to   space 12800K, 0% used [0x00000000de000000,0x00000000de000000,0x00000000dec80000)
 ParOldGen       total 66560K, used 14163K [0x0000000082000000, 0x0000000086100000, 0x00000000d6000000)
  object space 66560K, 21% used [0x0000000082000000,0x0000000082dd4e78,0x0000000086100000)
 Metaspace       used 20852K, capacity 21112K, committed 21248K, reserved 1067008K
  class space    used 2648K, capacity 2739K, committed 2816K, reserved 1048576K
}
Event: 4.987 GC heap before
{Heap before GC invocations=8 (full 1):
 PSYoungGen      total 143360K, used 131072K [0x00000000d6000000, 0x00000000df900000, 0x0000000100000000)
  eden space 131072K, 100% used [0x00000000d6000000,0x00000000de000000,0x00000000de000000)
  from space 12288K, 0% used [0x00000000ded00000,0x00000000ded00000,0x00000000df900000)
  to   space 12800K, 0% used [0x00000000de000000,0x00000000de000000,0x00000000dec80000)
 ParOldGen       total 66560K, used 14163K [0x0000000082000000, 0x0000000086100000, 0x00000000d6000000)
  object space 66560K, 21% used [0x0000000082000000,0x0000000082dd4e78,0x0000000086100000)
 Metaspace       used 26955K, capacity 27232K, committed 27392K, reserved 1073152K
  class space    used 3455K, capacity 3551K, committed 3584K, reserved 1048576K
Event: 5.008 GC heap after
Heap after GC invocations=8 (full 1):
 PSYoungGen      total 143872K, used 11085K [0x00000000d6000000, 0x00000000e4980000, 0x0000000100000000)
  eden space 131072K, 0% used [0x00000000d6000000,0x00000000d6000000,0x00000000de000000)
  from space 12800K, 86% used [0x00000000de000000,0x00000000dead3480,0x00000000dec80000)
  to   space 13312K, 0% used [0x00000000e3c80000,0x00000000e3c80000,0x00000000e4980000)
 ParOldGen       total 66560K, used 14171K [0x0000000082000000, 0x0000000086100000, 0x00000000d6000000)
  object space 66560K, 21% used [0x0000000082000000,0x0000000082dd6e78,0x0000000086100000)
 Metaspace       used 26955K, capacity 27232K, committed 27392K, reserved 1073152K
  class space    used 3455K, capacity 3551K, committed 3584K, reserved 1048576K
}
Event: 6.343 GC heap before
{Heap before GC invocations=9 (full 1):
 PSYoungGen      total 143872K, used 142157K [0x00000000d6000000, 0x00000000e4980000, 0x0000000100000000)
  eden space 131072K, 100% used [0x00000000d6000000,0x00000000de000000,0x00000000de000000)
  from space 12800K, 86% used [0x00000000de000000,0x00000000dead3480,0x00000000dec80000)
  to   space 13312K, 0% used [0x00000000e3c80000,0x00000000e3c80000,0x00000000e4980000)
 ParOldGen       total 66560K, used 14171K [0x0000000082000000, 0x0000000086100000, 0x00000000d6000000)
  object space 66560K, 21% used [0x0000000082000000,0x0000000082dd6e78,0x0000000086100000)
 Metaspace       used 30692K, capacity 31100K, committed 31488K, reserved 1077248K
  class space    used 3908K, capacity 4035K, committed 4096K, reserved 1048576K
Event: 6.371 GC heap after
Heap after GC invocations=9 (full 1):
 PSYoungGen      total 223232K, used 13310K [0x00000000d6000000, 0x00000000e4d00000, 0x0000000100000000)
  eden space 209920K, 0% used [0x00000000d6000000,0x00000000d6000000,0x00000000e2d00000)
  from space 13312K, 99% used [0x00000000e3c80000,0x00000000e497f890,0x00000000e4980000)
  to   space 15872K, 0% used [0x00000000e2d00000,0x00000000e2d00000,0x00000000e3c80000)
 ParOldGen       total 66560K, used 16747K [0x0000000082000000, 0x0000000086100000, 0x00000000d6000000)
  object space 66560K, 25% used [0x0000000082000000,0x000000008305ad58,0x0000000086100000)
 Metaspace       used 30692K, capacity 31100K, committed 31488K, reserved 1077248K
  class space    used 3908K, capacity 4035K, committed 4096K, reserved 1048576K
}

Deoptimization events (0 events):
No events

Internal exceptions (10 events):
Event: 14.111 Thread 0x0000000019871800 Exception <a 'java/lang/ClassNotFoundException': org/springframework/web/servlet/theme/AbstractThemeResolverCustomizer> (0x00000000d7b51690) thrown at [C:\re\workspace\8-2-build-windows-amd64-cygwin\jdk8u131\8869\hotspot\src\share\vm\classfile\systemDicti
Event: 14.113 Thread 0x0000000019871800 Exception <a 'java/lang/ClassNotFoundException': org/springframework/web/servlet/theme/FixedThemeResolverCustomizer> (0x00000000d7b6a350) thrown at [C:\re\workspace\8-2-build-windows-amd64-cygwin\jdk8u131\8869\hotspot\src\share\vm\classfile\systemDictiona
Event: 14.114 Thread 0x0000000019871800 Exception <a 'java/lang/ClassNotFoundException': org/springframework/web/servlet/ThemeResolverCustomizer> (0x00000000d7b80dd8) thrown at [C:\re\workspace\8-2-build-windows-amd64-cygwin\jdk8u131\8869\hotspot\src\share\vm\classfile\systemDictionary.cpp, lin
Event: 14.123 Thread 0x0000000019871800 Exception <a 'java/lang/ClassNotFoundException': java/lang/ObjectCustomizer> (0x00000000d7ba1a00) thrown at [C:\re\workspace\8-2-build-windows-amd64-cygwin\jdk8u131\8869\hotspot\src\share\vm\classfile\systemDictionary.cpp, line 210]
Event: 14.126 Thread 0x0000000019871800 Exception <a 'java/lang/ClassNotFoundException': org/springframework/web/servlet/view/DefaultRequestToViewNameTranslatorCustomizer> (0x00000000d7bbd8c0) thrown at [C:\re\workspace\8-2-build-windows-amd64-cygwin\jdk8u131\8869\hotspot\src\share\vm\classfile
Event: 14.127 Thread 0x0000000019871800 Exception <a 'java/lang/ClassNotFoundException': org/springframework/web/servlet/RequestToViewNameTranslatorCustomizer> (0x00000000d7be5500) thrown at [C:\re\workspace\8-2-build-windows-amd64-cygwin\jdk8u131\8869\hotspot\src\share\vm\classfile\systemDicti
Event: 14.130 Thread 0x0000000019871800 Exception <a 'java/lang/ClassNotFoundException': java/lang/ObjectCustomizer> (0x00000000d7c12d00) thrown at [C:\re\workspace\8-2-build-windows-amd64-cygwin\jdk8u131\8869\hotspot\src\share\vm\classfile\systemDictionary.cpp, line 210]
Event: 14.133 Thread 0x0000000019871800 Exception <a 'java/lang/ClassNotFoundException': org/springframework/web/servlet/support/AbstractFlashMapManagerCustomizer> (0x00000000d7c2d258) thrown at [C:\re\workspace\8-2-build-windows-amd64-cygwin\jdk8u131\8869\hotspot\src\share\vm\classfile\systemD
Event: 14.135 Thread 0x0000000019871800 Exception <a 'java/lang/ClassNotFoundException': org/springframework/web/servlet/support/SessionFlashMapManagerCustomizer> (0x00000000d7c4b648) thrown at [C:\re\workspace\8-2-build-windows-amd64-cygwin\jdk8u131\8869\hotspot\src\share\vm\classfile\systemDi
Event: 14.140 Thread 0x0000000019871800 Exception <a 'java/lang/ClassNotFoundException': org/springframework/web/servlet/FlashMapManagerCustomizer> (0x00000000d7c61e20) thrown at [C:\re\workspace\8-2-build-windows-amd64-cygwin\jdk8u131\8869\hotspot\src\share\vm\classfile\systemDictionary.cpp, l

Events (10 events):
Event: 184.628 Thread 0x000000001b523800 DEOPT UNPACKING pc=0x000000000299787f sp=0x000000001c67da40 mode 1
Event: 184.628 Thread 0x000000001b523800 DEOPT PACKING pc=0x0000000002f335b4 sp=0x000000001c67dd70
Event: 184.628 Thread 0x000000001b523800 DEOPT UNPACKING pc=0x000000000299787f sp=0x000000001c67db80 mode 1
Event: 184.628 Thread 0x000000001b523800 DEOPT PACKING pc=0x0000000002f334fc sp=0x000000001c67def0
Event: 184.628 Thread 0x000000001b523800 DEOPT UNPACKING pc=0x000000000299787f sp=0x000000001c67dd00 mode 1
Event: 358.035 Executing VM operation: RedefineClasses
Event: 358.055 Executing VM operation: RedefineClasses done
Event: 358.079 Executing VM operation: ChangeBreakpoints
Event: 358.080 Executing VM operation: ChangeBreakpoints done
Event: 375.703 Executing VM operation: RedefineClasses


Dynamic libraries:
0x00007ff71a2c0000 - 0x00007ff71a2f7000 	C:\soft\spring-tool-suite-3.9.5.RELEASE-e4.8.0-win32-x86_64\sts-bundle\sts-3.9.5.RELEASE\jre\bin\javaw.exe
0x00007ff8898f0000 - 0x00007ff889acb000 	C:\WINDOWS\SYSTEM32\ntdll.dll
0x00007ff889790000 - 0x00007ff88983e000 	C:\WINDOWS\System32\KERNEL32.DLL
0x00007ff886740000 - 0x00007ff88698a000 	C:\WINDOWS\System32\KERNELBASE.dll
0x000000006f480000 - 0x000000006f515000 	C:\WINDOWS\System32\SYSFER.DLL
0x00007ff889040000 - 0x00007ff8890e1000 	C:\WINDOWS\System32\ADVAPI32.dll
0x00007ff887020000 - 0x00007ff8870bd000 	C:\WINDOWS\System32\msvcrt.dll
0x00007ff888e40000 - 0x00007ff888e99000 	C:\WINDOWS\System32\sechost.dll
0x00007ff8890f0000 - 0x00007ff889215000 	C:\WINDOWS\System32\RPCRT4.dll
0x00007ff889640000 - 0x00007ff88978a000 	C:\WINDOWS\System32\USER32.dll
0x00007ff886a90000 - 0x00007ff886aae000 	C:\WINDOWS\System32\win32u.dll
0x00007ff887350000 - 0x00007ff887377000 	C:\WINDOWS\System32\GDI32.dll
0x00007ff886cc0000 - 0x00007ff886e48000 	C:\WINDOWS\System32\gdi32full.dll
0x00007ff886c20000 - 0x00007ff886cba000 	C:\WINDOWS\System32\msvcp_win.dll
0x00007ff886990000 - 0x00007ff886a86000 	C:\WINDOWS\System32\ucrtbase.dll
0x00007ff870340000 - 0x00007ff8705a7000 	C:\WINDOWS\WinSxS\amd64_microsoft.windows.common-controls_6595b64144ccf1df_6.0.15063.1155_none_40c7922129a7722b\COMCTL32.dll
0x00007ff889340000 - 0x00007ff889639000 	C:\WINDOWS\System32\combase.dll
0x00007ff886b60000 - 0x00007ff886bca000 	C:\WINDOWS\System32\bcryptPrimitives.dll
0x00007ff887010000 - 0x00007ff887018000 	C:\WINDOWS\System32\psapi.dll
0x00007ff8879d0000 - 0x00007ff8879fd000 	C:\WINDOWS\System32\IMM32.DLL
0x00007ff884d40000 - 0x00007ff884eab000 	C:\Program Files\Avecto\Privilege Guard Client\PGHook.dll
0x00007ff885810000 - 0x00007ff885827000 	C:\WINDOWS\SYSTEM32\CRYPTSP.dll
0x00007ff885290000 - 0x00007ff8852c4000 	C:\WINDOWS\system32\rsaenh.dll
0x00007ff885920000 - 0x00007ff885945000 	C:\WINDOWS\SYSTEM32\bcrypt.dll
0x00007ff885830000 - 0x00007ff88583b000 	C:\WINDOWS\SYSTEM32\CRYPTBASE.dll
0x000000006e7c0000 - 0x000000006e892000 	C:\soft\spring-tool-suite-3.9.5.RELEASE-e4.8.0-win32-x86_64\sts-bundle\sts-3.9.5.RELEASE\jre\bin\msvcr100.dll
0x000000006ce80000 - 0x000000006d71c000 	C:\soft\spring-tool-suite-3.9.5.RELEASE-e4.8.0-win32-x86_64\sts-bundle\sts-3.9.5.RELEASE\jre\bin\server\jvm.dll
0x00007ff86df00000 - 0x00007ff86df09000 	C:\WINDOWS\SYSTEM32\WSOCK32.dll
0x00007ff889220000 - 0x00007ff88928c000 	C:\WINDOWS\System32\WS2_32.dll
0x00007ff87fac0000 - 0x00007ff87fae3000 	C:\WINDOWS\SYSTEM32\WINMM.dll
0x00007ff877ab0000 - 0x00007ff877aba000 	C:\WINDOWS\SYSTEM32\VERSION.dll
0x00007ff87fa60000 - 0x00007ff87fa8b000 	C:\WINDOWS\SYSTEM32\WINMMBASE.dll
0x00007ff886bd0000 - 0x00007ff886c19000 	C:\WINDOWS\System32\cfgmgr32.dll
0x000000006f000000 - 0x000000006f00f000 	C:\soft\spring-tool-suite-3.9.5.RELEASE-e4.8.0-win32-x86_64\sts-bundle\sts-3.9.5.RELEASE\jre\bin\verify.dll
0x000000006efd0000 - 0x000000006eff9000 	C:\soft\spring-tool-suite-3.9.5.RELEASE-e4.8.0-win32-x86_64\sts-bundle\sts-3.9.5.RELEASE\jre\bin\java.dll
0x000000006f060000 - 0x000000006f095000 	C:\soft\spring-tool-suite-3.9.5.RELEASE-e4.8.0-win32-x86_64\sts-bundle\sts-3.9.5.RELEASE\jre\bin\jdwp.dll
0x000000006f050000 - 0x000000006f058000 	C:\soft\spring-tool-suite-3.9.5.RELEASE-e4.8.0-win32-x86_64\sts-bundle\sts-3.9.5.RELEASE\jre\bin\npt.dll
0x000000006efb0000 - 0x000000006efc6000 	C:\soft\spring-tool-suite-3.9.5.RELEASE-e4.8.0-win32-x86_64\sts-bundle\sts-3.9.5.RELEASE\jre\bin\zip.dll
0x00007ff887a00000 - 0x00007ff888e38000 	C:\WINDOWS\System32\SHELL32.dll
0x00007ff889840000 - 0x00007ff8898ea000 	C:\WINDOWS\System32\shcore.dll
0x00007ff885fe0000 - 0x00007ff8866d1000 	C:\WINDOWS\System32\windows.storage.dll
0x00007ff887230000 - 0x00007ff887281000 	C:\WINDOWS\System32\shlwapi.dll
0x00007ff885d60000 - 0x00007ff885d71000 	C:\WINDOWS\System32\kernel.appcore.dll
0x00007ff885d80000 - 0x00007ff885dcc000 	C:\WINDOWS\System32\powrprof.dll
0x00007ff885dd0000 - 0x00007ff885de5000 	C:\WINDOWS\System32\profapi.dll
0x000000006f040000 - 0x000000006f049000 	C:\soft\spring-tool-suite-3.9.5.RELEASE-e4.8.0-win32-x86_64\sts-bundle\sts-3.9.5.RELEASE\jre\bin\dt_socket.dll
0x00007ff882300000 - 0x00007ff882316000 	C:\WINDOWS\system32\napinsp.dll
0x00007ff882320000 - 0x00007ff88233a000 	C:\WINDOWS\system32\pnrpnsp.dll
0x00007ff882d00000 - 0x00007ff882d18000 	C:\WINDOWS\system32\NLAapi.dll
0x00007ff885670000 - 0x00007ff8856cc000 	C:\WINDOWS\System32\mswsock.dll
0x00007ff885460000 - 0x00007ff885504000 	C:\WINDOWS\SYSTEM32\DNSAPI.dll
0x00007ff8892b0000 - 0x00007ff8892b8000 	C:\WINDOWS\System32\NSI.dll
0x00007ff885410000 - 0x00007ff885447000 	C:\WINDOWS\SYSTEM32\IPHLPAPI.DLL
0x00007ff8827a0000 - 0x00007ff8827ae000 	C:\WINDOWS\System32\winrnr.dll
0x00007ff8827b0000 - 0x00007ff8827c5000 	C:\WINDOWS\System32\wshbth.dll
0x00007ff881c30000 - 0x00007ff881c9b000 	C:\WINDOWS\System32\fwpuclnt.dll
0x00007ff87c960000 - 0x00007ff87c96a000 	C:\Windows\System32\rasadhlp.dll
0x000000006ef30000 - 0x000000006ef3d000 	C:\soft\spring-tool-suite-3.9.5.RELEASE-e4.8.0-win32-x86_64\sts-bundle\sts-3.9.5.RELEASE\jre\bin\management.dll
0x000000006ef90000 - 0x000000006efaa000 	C:\soft\spring-tool-suite-3.9.5.RELEASE-e4.8.0-win32-x86_64\sts-bundle\sts-3.9.5.RELEASE\jre\bin\net.dll
0x000000006ef70000 - 0x000000006ef81000 	C:\soft\spring-tool-suite-3.9.5.RELEASE-e4.8.0-win32-x86_64\sts-bundle\sts-3.9.5.RELEASE\jre\bin\nio.dll
0x00007ff885c90000 - 0x00007ff885cb9000 	C:\WINDOWS\SYSTEM32\USERENV.dll
0x00007ff881af0000 - 0x00007ff881b06000 	C:\WINDOWS\SYSTEM32\dhcpcsvc6.DLL
0x00007ff881c10000 - 0x00007ff881c2a000 	C:\WINDOWS\SYSTEM32\dhcpcsvc.DLL
0x00007ff876b20000 - 0x00007ff876cc9000 	C:\WINDOWS\SYSTEM32\dbghelp.dll

VM Arguments:
jvm_args: -agentlib:jdwp=transport=dt_socket,suspend=y,address=localhost:56648 -Dcom.sun.management.jmxremote -Dcom.sun.management.jmxremote.port=56647 -Dcom.sun.management.jmxremote.authenticate=false -Dcom.sun.management.jmxremote.ssl=false -Djava.rmi.server.hostname=localhost -Dspring.liveBeansView.mbeanDomain -Dspring.application.admin.enabled=true -Xverify:none -XX:TieredStopAtLevel=1 -Dfile.encoding=Cp1252 
java_command: com.springbootapp.SpringBootApplication --spring.output.ansi.enabled=always
java_class_path (initial): C:\soft\spring-tool-suite-3.9.5.RELEASE-e4.8.0-win32-x86_64\sts-bundle\sts-3.9.5.RELEASE\jre\lib\resources.jar;C:\soft\spring-tool-suite-3.9.5.RELEASE-e4.8.0-win32-x86_64\sts-bundle\sts-3.9.5.RELEASE\jre\lib\rt.jar;C:\soft\spring-tool-suite-3.9.5.RELEASE-e4.8.0-win32-x86_64\sts-bundle\sts-3.9.5.RELEASE\jre\lib\jsse.jar;C:\soft\spring-tool-suite-3.9.5.RELEASE-e4.8.0-win32-x86_64\sts-bundle\sts-3.9.5.RELEASE\jre\lib\jce.jar;C:\soft\spring-tool-suite-3.9.5.RELEASE-e4.8.0-win32-x86_64\sts-bundle\sts-3.9.5.RELEASE\jre\lib\charsets.jar;C:\soft\spring-tool-suite-3.9.5.RELEASE-e4.8.0-win32-x86_64\sts-bundle\sts-3.9.5.RELEASE\jre\lib\jfr.jar;C:\soft\spring-tool-suite-3.9.5.RELEASE-e4.8.0-win32-x86_64\sts-bundle\sts-3.9.5.RELEASE\jre\lib\ext\access-bridge-64.jar;C:\soft\spring-tool-suite-3.9.5.RELEASE-e4.8.0-win32-x86_64\sts-bundle\sts-3.9.5.RELEASE\jre\lib\ext\cldrdata.jar;C:\soft\spring-tool-suite-3.9.5.RELEASE-e4.8.0-win32-x86_64\sts-bundle\sts-3.9.5.RELEASE\jre\lib\ext\dnsns.jar;C:\soft\spring-tool-suite-3.9.5.RELEASE-e4.8.0-win32-x86_64\sts-bundle\sts-3.9.5.RELEASE\jre\lib\ext\jaccess.jar;C:\soft\spring-tool-suite-3.9.5.RELEASE-e4.8.0-win32-x86_64\sts-bundle\sts-3.9.5.RELEASE\jre\lib\ext\jfxrt.jar;C:\soft\spring-tool-suite-3.9.5.RELEASE-e4.8.0-win32-x86_64\sts-bundle\sts-3.9.5.RELEASE\jre\lib\ext\localedata.jar;C:\soft\spring-tool-suite-3.9.5.RELEASE-e4.8.0-win32-x86_64\sts-bundle\sts-3.9.5.RELEASE\jre\lib\ext\nashorn.jar;C:\soft\spring-tool-suite-3.9.5.RELEASE-e4.8.0-win32-x86_64\sts-bundle\sts-3.9.5.RELEASE\jre\lib\ext\sunec.jar;C:\soft\spring-tool-suite-3.9.5.RELEASE-e4.8.0-win32-x86_64\sts-bundle\sts-3.9.5.RELEASE\jre\lib\ext\sunjce_provider.jar;C:\soft\spring-tool-suite-3.9.5.RELEASE-e4.8.0-win32-x86_64\sts-bundle\sts-3.9.5.RELEASE\jre\lib\ext\sunmscapi.jar;C:\soft\spring-tool-suite-3.9.5.RELEASE-e4.8.0-win32-x86_64\sts-bundle\sts-3.9.5.RELEASE\jre\lib\ext\sunpkcs11.jar;C:\soft\spring-tool-suite-3.9.5.RELEASE-e4.8.0-win32-x86_64\sts-bund
Launcher Type: SUN_STANDARD

Environment Variables:
JAVA_HOME=C:\Program Files\Java\jdk1.8.0_181
PATH=C:\soft\spring-tool-suite-3.9.5.RELEASE-e4.8.0-win32-x86_64\sts-bundle\sts-3.9.5.RELEASE\jre\bin;C:/soft/spring-tool-suite-3.9.5.RELEASE-e4.8.0-win32-x86_64/sts-bundle/sts-3.9.5.RELEASE/jre/bin/server;C:/soft/spring-tool-suite-3.9.5.RELEASE-e4.8.0-win32-x86_64/sts-bundle/sts-3.9.5.RELEASE/jre/bin;C:/soft/spring-tool-suite-3.9.5.RELEASE-e4.8.0-win32-x86_64/sts-bundle/sts-3.9.5.RELEASE/jre/lib/amd64;C:\Program Files (x86)\Microsoft SDKs\Azure\CLI2\wbin;C:\Program Files (x86)\Common Files\Oracle\Java\javapath;C:\WINDOWS\system32;C:\WINDOWS;C:\WINDOWS\System32\Wbem;C:\WINDOWS\System32\WindowsPowerShell\v1.0\;C:\Program Files (x86)\QuickTime\QTSystem\;C:\Program Files\CapgeminiScripts\Support Tools\;C:\Program Files\nodejs\;C:\Program Files\dotnet\;C:\Program Files (x86)\dotnet\;C:\Program Files\PuTTY\;C:\Program Files\Intel\WiFi\bin\;C:\Program Files\Common Files\Intel\WirelessCommon\;C:\soft\gradle-4.9-all\gradle-4.9\bin;C:\Users\vijarajp\AppData\Local\Microsoft\WindowsApps;C:\Users\vijarajp\AppData\Local\Programs\Git\cmd;C:\Users\vijarajp\Cloud Foundry;C:\soft\apache-maven-3.5.4-bin\apache-maven-3.5.4\bin;C:\Program Files\Java\jdk1.8.0_181\bin;C:\Program Files\nodejs;C:\Users\vijarajp\.dotnet\tools;C:\soft\gradle-4.9-all\gradle-4.9\bin;;C:\soft\spring-tool-suite-3.9.5.RELEASE-e4.8.0-win32-x86_64\sts-bundle\sts-3.9.5.RELEASE;
USERNAME=vijarajp
OS=Windows_NT
PROCESSOR_IDENTIFIER=Intel64 Family 6 Model 78 Stepping 3, GenuineIntel



---------------  S Y S T E M  ---------------

OS: Windows 10.0 , 64 bit Build 15063 (10.0.15063.1058)

CPU:total 4 (initial active 4) (2 cores per cpu, 2 threads per core) family 6 model 78 stepping 3, cmov, cx8, fxsr, mmx, sse, sse2, sse3, ssse3, sse4.1, sse4.2, popcnt, avx, avx2, aes, clmul, erms, rtm, 3dnowpref, lzcnt, ht, tsc, tscinvbit, bmi1, bmi2, adx

Memory: 4k page, physical 8252564k(1030076k free), swap 17689748k(3113676k free)

vm_info: Java HotSpot(TM) 64-Bit Server VM (25.131-b11) for windows-amd64 JRE (1.8.0_131-b11), built on Mar 15 2017 01:23:53 by "java_re" with MS VC++ 10.0 (VS2010)

time: Thu Jun 20 11:36:48 2019
elapsed time: 375 seconds (0d 0h 6m 15s)

